<?xml version="1.0" encoding="UTF-8"?>
<testsuite xmlns:xsi="http://www.w3.org/2001/XMLSchema-instance" xsi:noNamespaceSchemaLocation="https://maven.apache.org/surefire/maven-surefire-plugin/xsd/surefire-test-report.xsd" name="org.acme.getting.started.getting.started.GreetingResourceTest" time="2.768" tests="2" errors="0" skipped="0" failures="0">
  <properties>
[...]
</properties>
  <testcase name="testHelloEndpoint" classname="org.acme.getting.started.getting.started.GreetingResourceTest" time="1.115"/>
  <testcase name="testGreetingEndpoint" classname="org.acme.getting.started.getting.started.GreetingResourceTest" time="0.021"/>
</testsuite>